<?xml version="1.0" ?>
<!DOCTYPE coverage SYSTEM "http://cobertura.sourceforge.net/xml/coverage-04.dtd">
<coverage lines-valid="106"  lines-covered="104"  line-rate="0.9811"  branches-valid="25"  branches-covered="23"  branch-rate="0.92"  timestamp="1455492461630" complexity="0" version="0.1">
<sources>
	<source>/Users/ssabavat/WebstormProjects/gilded-rose-inventory-service/app</source>
</sources>
<packages>
	<package name="helpers"  line-rate="1"  branch-rate="1" >
	<classes>
		<class name="itemsHelper.js"  filename="lib/helpers/itemsHelper.js"  line-rate="1"  branch-rate="1" >
		<methods>
			<method name="getItems"  hits="1"  signature="()V" >
				<lines><line number="1"  hits="1" /></lines>
			</method>
			<method name="prepareOrder"  hits="1"  signature="()V" >
				<lines><line number="5"  hits="1" /></lines>
			</method>
			<method name="purchaseOrder"  hits="1"  signature="()V" >
				<lines><line number="9"  hits="1" /></lines>
			</method>
		</methods>
		<lines>
			<line number="1"  hits="1"  branch="false" />
			<line number="2"  hits="1"  branch="false" />
			<line number="5"  hits="1"  branch="false" />
			<line number="6"  hits="1"  branch="false" />
			<line number="9"  hits="1"  branch="false" />
			<line number="10"  hits="1"  branch="false" />
			<line number="12"  hits="1"  branch="false" />
			<line number="13"  hits="1"  branch="false" />
			<line number="14"  hits="1"  branch="false" />
			<line number="15"  hits="1"  branch="false" />
			<line number="16"  hits="1"  branch="false" />
			<line number="17"  hits="1"  branch="false" />
			<line number="18"  hits="1"  branch="false" />
			<line number="20"  hits="1"  branch="false" />
			<line number="23"  hits="1"  branch="false" />
		</lines>
		</class>
	</classes>
	</package>
	<package name="routers"  line-rate="1"  branch-rate="1" >
	<classes>
		<class name="itemsRouter.js"  filename="lib/routers/itemsRouter.js"  line-rate="1"  branch-rate="1" >
		<methods>
			<method name="(anonymous_1)"  hits="3"  signature="()V" >
				<lines><line number="13"  hits="3" /></lines>
			</method>
			<method name="(anonymous_2)"  hits="4"  signature="()V" >
				<lines><line number="26"  hits="4" /></lines>
			</method>
			<method name="authorizeCall"  hits="7"  signature="()V" >
				<lines><line number="40"  hits="7" /></lines>
			</method>
			<method name="returnJwtError"  hits="6"  signature="()V" >
				<lines><line number="53"  hits="6" /></lines>
			</method>
		</methods>
		<lines>
			<line number="1"  hits="7"  branch="false" />
			<line number="2"  hits="7"  branch="false" />
			<line number="3"  hits="7"  branch="false" />
			<line number="4"  hits="7"  branch="false" />
			<line number="5"  hits="7"  branch="false" />
			<line number="6"  hits="7"  branch="false" />
			<line number="7"  hits="7"  branch="false" />
			<line number="8"  hits="7"  branch="false" />
			<line number="10"  hits="7"  branch="false" />
			<line number="11"  hits="7"  branch="false" />
			<line number="13"  hits="7"  branch="false" />
			<line number="14"  hits="3"  branch="false" />
			<line number="15"  hits="3"  branch="false" />
			<line number="17"  hits="1"  branch="false" />
			<line number="18"  hits="1"  branch="false" />
			<line number="21"  hits="2"  branch="false" />
			<line number="22"  hits="2"  branch="false" />
			<line number="26"  hits="7"  branch="false" />
			<line number="27"  hits="4"  branch="false" />
			<line number="28"  hits="4"  branch="false" />
			<line number="30"  hits="1"  branch="false" />
			<line number="31"  hits="1"  branch="false" />
			<line number="32"  hits="1"  branch="false" />
			<line number="35"  hits="3"  branch="false" />
			<line number="36"  hits="3"  branch="false" />
			<line number="40"  hits="1"  branch="false" />
			<line number="41"  hits="7"  branch="false" />
			<line number="42"  hits="7"  branch="false" />
			<line number="43"  hits="7"  branch="false" />
			<line number="44"  hits="3"  branch="true"  condition-coverage="100% (2/2)" />
			<line number="45"  hits="1"  branch="false" />
			<line number="48"  hits="5"  branch="false" />
			<line number="53"  hits="1"  branch="false" />
			<line number="54"  hits="6"  branch="false" />
			<line number="61"  hits="7"  branch="false" />
		</lines>
		</class>
	</classes>
	</package>
	<package name="routers.validation"  line-rate="1"  branch-rate="1" >
	<classes>
		<class name="parameterValidation.js"  filename="lib/routers/validation/parameterValidation.js"  line-rate="1"  branch-rate="1" >
		<methods>
			<method name="(anonymous_1)"  hits="5"  signature="()V" >
				<lines><line number="4"  hits="5" /></lines>
			</method>
		</methods>
		<lines>
			<line number="1"  hits="1"  branch="false" />
			<line number="3"  hits="1"  branch="false" />
			<line number="5"  hits="5"  branch="false" />
			<line number="6"  hits="5"  branch="true"  condition-coverage="100% (6/6)" />
			<line number="8"  hits="4"  branch="false" />
			<line number="10"  hits="1"  branch="false" />
		</lines>
		</class>
		<class name="parameterValidationErrors.js"  filename="lib/routers/validation/parameterValidationErrors.js"  line-rate="1"  branch-rate="1" >
		<methods>
		</methods>
		<lines>
			<line number="1"  hits="1"  branch="false" />
		</lines>
		</class>
	</classes>
	</package>
	<package name="services"  line-rate="0.9592"  branch-rate="0.8824" >
	<classes>
		<class name="itemsService.js"  filename="lib/services/itemsService.js"  line-rate="0.9592"  branch-rate="0.8824" >
		<methods>
			<method name="getItems"  hits="5"  signature="()V" >
				<lines><line number="12"  hits="5" /></lines>
			</method>
			<method name="(anonymous_2)"  hits="2"  signature="()V" >
				<lines><line number="18"  hits="2" /></lines>
			</method>
			<method name="purchaseItem"  hits="4"  signature="()V" >
				<lines><line number="64"  hits="4" /></lines>
			</method>
			<method name="arePurchaseItemsAvailabile"  hits="4"  signature="()V" >
				<lines><line number="87"  hits="4" /></lines>
			</method>
			<method name="getUnavailableErrorResponse"  hits="1"  signature="()V" >
				<lines><line number="109"  hits="1" /></lines>
			</method>
			<method name="(anonymous_6)"  hits="3"  signature="()V" >
				<lines><line number="111"  hits="3" /></lines>
			</method>
			<method name="getIds"  hits="5"  signature="()V" >
				<lines><line number="120"  hits="5" /></lines>
			</method>
			<method name="(anonymous_8)"  hits="13"  signature="()V" >
				<lines><line number="122"  hits="13" /></lines>
			</method>
			<method name="getItemsErrorObject"  hits="4"  signature="()V" >
				<lines><line number="129"  hits="4" /></lines>
			</method>
		</methods>
		<lines>
			<line number="1"  hits="1"  branch="false" />
			<line number="2"  hits="1"  branch="false" />
			<line number="3"  hits="1"  branch="false" />
			<line number="12"  hits="1"  branch="false" />
			<line number="13"  hits="5"  branch="false" />
			<line number="15"  hits="5"  branch="false" />
			<line number="16"  hits="5"  branch="false" />
			<line number="17"  hits="4"  branch="true"  condition-coverage="100% (5/5)" />
			<line number="18"  hits="1"  branch="false" />
			<line number="19"  hits="2"  branch="false" />
			<line number="22"  hits="3"  branch="false" />
			<line number="25"  hits="1"  branch="false" />
			<line number="28"  hits="4"  branch="false" />
			<line number="64"  hits="1"  branch="false" />
			<line number="65"  hits="4"  branch="false" />
			<line number="66"  hits="4"  branch="false" />
			<line number="67"  hits="1"  branch="false" />
			<line number="68"  hits="1"  branch="false" />
			<line number="69"  hits="1"  branch="false" />
			<line number="71"  hits="3"  branch="true"  condition-coverage="100% (2/2)" />
			<line number="72"  hits="2"  branch="false" />
			<line number="73"  hits="1"  branch="true"  condition-coverage="50% (1/2)" />
			<line number="74"  hits="1"  branch="false" />
			<line number="76"  hits="0"  branch="false" />
			<line number="87"  hits="1"  branch="false" />
			<line number="88"  hits="4"  branch="false" />
			<line number="89"  hits="2"  branch="true"  condition-coverage="75% (3/4)" />
			<line number="90"  hits="0"  branch="false" />
			<line number="93"  hits="2"  branch="false" />
			<line number="94"  hits="2"  branch="false" />
			<line number="96"  hits="2"  branch="false" />
			<line number="98"  hits="2"  branch="true"  condition-coverage="100% (2/2)" />
			<line number="99"  hits="1"  branch="false" />
			<line number="100"  hits="1"  branch="false" />
			<line number="101"  hits="1"  branch="false" />
			<line number="109"  hits="1"  branch="false" />
			<line number="110"  hits="1"  branch="false" />
			<line number="111"  hits="1"  branch="false" />
			<line number="112"  hits="3"  branch="true"  condition-coverage="100% (2/2)" />
			<line number="113"  hits="1"  branch="false" />
			<line number="117"  hits="1"  branch="false" />
			<line number="120"  hits="1"  branch="false" />
			<line number="121"  hits="5"  branch="false" />
			<line number="122"  hits="5"  branch="false" />
			<line number="123"  hits="13"  branch="false" />
			<line number="126"  hits="5"  branch="false" />
			<line number="129"  hits="1"  branch="false" />
			<line number="130"  hits="4"  branch="false" />
			<line number="139"  hits="1"  branch="false" />
		</lines>
		</class>
	</classes>
	</package>
</packages>
</coverage>
