{"/Users/ssabavat/WebstormProjects/gilded-rose-inventory-service/app/lib/routers/validation/parameterValidationErrors.js":{"path":"/Users/ssabavat/WebstormProjects/gilded-rose-inventory-service/app/lib/routers/validation/parameterValidationErrors.js","s":{"1":1},"b":{},"f":{},"fnMap":{},"statementMap":{"1":{"start":{"line":1,"column":0},"end":{"line":12,"column":2}}},"branchMap":{}},"/Users/ssabavat/WebstormProjects/gilded-rose-inventory-service/app/lib/helpers/itemsHelper.js":{"path":"/Users/ssabavat/WebstormProjects/gilded-rose-inventory-service/app/lib/helpers/itemsHelper.js","s":{"1":1,"2":1,"3":1,"4":1,"5":1,"6":1,"7":1,"8":1,"9":1,"10":1,"11":1,"12":1,"13":1,"14":1,"15":1},"b":{},"f":{"1":1,"2":1,"3":1},"fnMap":{"1":{"name":"getItems","line":1,"loc":{"start":{"line":1,"column":-15},"end":{"line":1,"column":20}}},"2":{"name":"prepareOrder","line":5,"loc":{"start":{"line":5,"column":0},"end":{"line":5,"column":37}}},"3":{"name":"purchaseOrder","line":9,"loc":{"start":{"line":9,"column":0},"end":{"line":9,"column":40}}}},"statementMap":{"1":{"start":{"line":1,"column":-15},"end":{"line":3,"column":1}},"2":{"start":{"line":2,"column":4},"end":{"line":2,"column":40}},"3":{"start":{"line":5,"column":0},"end":{"line":7,"column":1}},"4":{"start":{"line":6,"column":4},"end":{"line":6,"column":48}},"5":{"start":{"line":9,"column":0},"end":{"line":21,"column":1}},"6":{"start":{"line":10,"column":4},"end":{"line":10,"column":51}},"7":{"start":{"line":12,"column":4},"end":{"line":12,"column":35}},"8":{"start":{"line":13,"column":4},"end":{"line":13,"column":50}},"9":{"start":{"line":14,"column":4},"end":{"line":14,"column":48}},"10":{"start":{"line":15,"column":4},"end":{"line":15,"column":53}},"11":{"start":{"line":16,"column":4},"end":{"line":16,"column":45}},"12":{"start":{"line":17,"column":4},"end":{"line":17,"column":37}},"13":{"start":{"line":18,"column":4},"end":{"line":18,"column":55}},"14":{"start":{"line":20,"column":4},"end":{"line":20,"column":33}},"15":{"start":{"line":23,"column":0},"end":{"line":26,"column":1}}},"branchMap":{}},"/Users/ssabavat/WebstormProjects/gilded-rose-inventory-service/app/lib/routers/validation/parameterValidation.js":{"path":"/Users/ssabavat/WebstormProjects/gilded-rose-inventory-service/app/lib/routers/validation/parameterValidation.js","s":{"1":1,"2":1,"3":5,"4":5,"5":4,"6":1},"b":{"1":[4,1],"2":[5,4,3,2]},"f":{"1":5},"fnMap":{"1":{"name":"(anonymous_1)","line":4,"loc":{"start":{"line":4,"column":24},"end":{"line":4,"column":39}}}},"statementMap":{"1":{"start":{"line":1,"column":0},"end":{"line":1,"column":52}},"2":{"start":{"line":3,"column":0},"end":{"line":13,"column":2}},"3":{"start":{"line":5,"column":8},"end":{"line":5,"column":37}},"4":{"start":{"line":6,"column":8},"end":{"line":9,"column":9}},"5":{"start":{"line":8,"column":12},"end":{"line":8,"column":38}},"6":{"start":{"line":10,"column":8},"end":{"line":10,"column":29}}},"branchMap":{"1":{"line":6,"type":"if","locations":[{"start":{"line":6,"column":8},"end":{"line":6,"column":8}},{"start":{"line":6,"column":8},"end":{"line":6,"column":8}}]},"2":{"line":6,"type":"binary-expr","locations":[{"start":{"line":6,"column":12},"end":{"line":6,"column":48}},{"start":{"line":6,"column":52},"end":{"line":6,"column":74}},{"start":{"line":7,"column":12},"end":{"line":7,"column":49}},{"start":{"line":7,"column":53},"end":{"line":7,"column":79}}]}}},"/Users/ssabavat/WebstormProjects/gilded-rose-inventory-service/app/lib/services/itemsService.js":{"path":"/Users/ssabavat/WebstormProjects/gilded-rose-inventory-service/app/lib/services/itemsService.js","s":{"1":1,"2":1,"3":1,"4":1,"5":5,"6":5,"7":5,"8":4,"9":1,"10":2,"11":3,"12":1,"13":4,"14":1,"15":4,"16":4,"17":1,"18":1,"19":1,"20":3,"21":2,"22":1,"23":1,"24":0,"25":1,"26":4,"27":2,"28":0,"29":2,"30":2,"31":2,"32":2,"33":1,"34":1,"35":1,"36":1,"37":1,"38":1,"39":3,"40":1,"41":1,"42":1,"43":5,"44":5,"45":13,"46":5,"47":1,"48":4,"49":1},"b":{"1":[1,3],"2":[4,2,2],"3":[2,1],"4":[1,0],"5":[0,2],"6":[2,2],"7":[1,1],"8":[1,2]},"f":{"1":5,"2":2,"3":4,"4":4,"5":1,"6":3,"7":5,"8":13,"9":4},"fnMap":{"1":{"name":"getItems","line":12,"loc":{"start":{"line":12,"column":0},"end":{"line":12,"column":20}}},"2":{"name":"(anonymous_2)","line":18,"loc":{"start":{"line":18,"column":36},"end":{"line":18,"column":51}}},"3":{"name":"purchaseItem","line":64,"loc":{"start":{"line":64,"column":0},"end":{"line":64,"column":39}}},"4":{"name":"arePurchaseItemsAvailabile","line":87,"loc":{"start":{"line":87,"column":0},"end":{"line":87,"column":57}}},"5":{"name":"getUnavailableErrorResponse","line":109,"loc":{"start":{"line":109,"column":0},"end":{"line":109,"column":74}}},"6":{"name":"(anonymous_6)","line":111,"loc":{"start":{"line":111,"column":32},"end":{"line":111,"column":48}}},"7":{"name":"getIds","line":120,"loc":{"start":{"line":120,"column":0},"end":{"line":120,"column":23}}},"8":{"name":"(anonymous_8)","line":122,"loc":{"start":{"line":122,"column":18},"end":{"line":122,"column":34}}},"9":{"name":"getItemsErrorObject","line":129,"loc":{"start":{"line":129,"column":0},"end":{"line":129,"column":74}}}},"statementMap":{"1":{"start":{"line":1,"column":0},"end":{"line":1,"column":26}},"2":{"start":{"line":2,"column":0},"end":{"line":2,"column":52}},"3":{"start":{"line":3,"column":0},"end":{"line":3,"column":71}},"4":{"start":{"line":12,"column":0},"end":{"line":29,"column":1}},"5":{"start":{"line":13,"column":4},"end":{"line":13,"column":14}},"6":{"start":{"line":15,"column":4},"end":{"line":26,"column":5}},"7":{"start":{"line":16,"column":8},"end":{"line":16,"column":39}},"8":{"start":{"line":17,"column":8},"end":{"line":23,"column":9}},"9":{"start":{"line":18,"column":12},"end":{"line":20,"column":15}},"10":{"start":{"line":19,"column":16},"end":{"line":19,"column":44}},"11":{"start":{"line":22,"column":12},"end":{"line":22,"column":23}},"12":{"start":{"line":25,"column":8},"end":{"line":25,"column":103}},"13":{"start":{"line":28,"column":4},"end":{"line":28,"column":17}},"14":{"start":{"line":64,"column":0},"end":{"line":79,"column":1}},"15":{"start":{"line":65,"column":4},"end":{"line":78,"column":5}},"16":{"start":{"line":66,"column":8},"end":{"line":66,"column":52}},"17":{"start":{"line":67,"column":8},"end":{"line":67,"column":55}},"18":{"start":{"line":68,"column":8},"end":{"line":68,"column":80}},"19":{"start":{"line":69,"column":8},"end":{"line":69,"column":37}},"20":{"start":{"line":71,"column":8},"end":{"line":77,"column":9}},"21":{"start":{"line":72,"column":12},"end":{"line":72,"column":119}},"22":{"start":{"line":73,"column":15},"end":{"line":77,"column":9}},"23":{"start":{"line":74,"column":12},"end":{"line":74,"column":117}},"24":{"start":{"line":76,"column":12},"end":{"line":76,"column":20}},"25":{"start":{"line":87,"column":0},"end":{"line":107,"column":1}},"26":{"start":{"line":88,"column":4},"end":{"line":88,"column":39}},"27":{"start":{"line":89,"column":4},"end":{"line":91,"column":5}},"28":{"start":{"line":90,"column":8},"end":{"line":90,"column":59}},"29":{"start":{"line":93,"column":4},"end":{"line":93,"column":55}},"30":{"start":{"line":94,"column":4},"end":{"line":94,"column":41}},"31":{"start":{"line":96,"column":4},"end":{"line":96,"column":70}},"32":{"start":{"line":98,"column":4},"end":{"line":105,"column":5}},"33":{"start":{"line":99,"column":8},"end":{"line":99,"column":70}},"34":{"start":{"line":100,"column":8},"end":{"line":100,"column":96}},"35":{"start":{"line":101,"column":8},"end":{"line":104,"column":10}},"36":{"start":{"line":109,"column":0},"end":{"line":118,"column":1}},"37":{"start":{"line":110,"column":4},"end":{"line":110,"column":19}},"38":{"start":{"line":111,"column":4},"end":{"line":115,"column":7}},"39":{"start":{"line":112,"column":8},"end":{"line":114,"column":9}},"40":{"start":{"line":113,"column":12},"end":{"line":113,"column":29}},"41":{"start":{"line":117,"column":4},"end":{"line":117,"column":17}},"42":{"start":{"line":120,"column":0},"end":{"line":127,"column":1}},"43":{"start":{"line":121,"column":4},"end":{"line":121,"column":17}},"44":{"start":{"line":122,"column":4},"end":{"line":124,"column":7}},"45":{"start":{"line":123,"column":8},"end":{"line":123,"column":26}},"46":{"start":{"line":126,"column":4},"end":{"line":126,"column":15}},"47":{"start":{"line":129,"column":0},"end":{"line":136,"column":1}},"48":{"start":{"line":130,"column":4},"end":{"line":135,"column":5}},"49":{"start":{"line":139,"column":0},"end":{"line":143,"column":1}}},"branchMap":{"1":{"line":17,"type":"if","locations":[{"start":{"line":17,"column":8},"end":{"line":17,"column":8}},{"start":{"line":17,"column":8},"end":{"line":17,"column":8}}]},"2":{"line":17,"type":"binary-expr","locations":[{"start":{"line":17,"column":12},"end":{"line":17,"column":40}},{"start":{"line":17,"column":44},"end":{"line":17,"column":57}},{"start":{"line":17,"column":61},"end":{"line":17,"column":77}}]},"3":{"line":71,"type":"if","locations":[{"start":{"line":71,"column":8},"end":{"line":71,"column":8}},{"start":{"line":71,"column":8},"end":{"line":71,"column":8}}]},"4":{"line":73,"type":"if","locations":[{"start":{"line":73,"column":15},"end":{"line":73,"column":15}},{"start":{"line":73,"column":15},"end":{"line":73,"column":15}}]},"5":{"line":89,"type":"if","locations":[{"start":{"line":89,"column":4},"end":{"line":89,"column":4}},{"start":{"line":89,"column":4},"end":{"line":89,"column":4}}]},"6":{"line":89,"type":"binary-expr","locations":[{"start":{"line":89,"column":8},"end":{"line":89,"column":36}},{"start":{"line":89,"column":40},"end":{"line":89,"column":71}}]},"7":{"line":98,"type":"if","locations":[{"start":{"line":98,"column":4},"end":{"line":98,"column":4}},{"start":{"line":98,"column":4},"end":{"line":98,"column":4}}]},"8":{"line":112,"type":"if","locations":[{"start":{"line":112,"column":8},"end":{"line":112,"column":8}},{"start":{"line":112,"column":8},"end":{"line":112,"column":8}}]}}},"/Users/ssabavat/WebstormProjects/gilded-rose-inventory-service/app/lib/routers/itemsRouter.js":{"path":"/Users/ssabavat/WebstormProjects/gilded-rose-inventory-service/app/lib/routers/itemsRouter.js","s":{"1":7,"2":7,"3":7,"4":7,"5":7,"6":7,"7":7,"8":7,"9":7,"10":7,"11":7,"12":3,"13":3,"14":1,"15":1,"16":2,"17":2,"18":7,"19":4,"20":4,"21":1,"22":1,"23":1,"24":3,"25":3,"26":1,"27":7,"28":7,"29":7,"30":3,"31":1,"32":5,"33":1,"34":6,"35":7},"b":{"1":[1,2]},"f":{"1":3,"2":4,"3":7,"4":6},"fnMap":{"1":{"name":"(anonymous_1)","line":13,"loc":{"start":{"line":13,"column":16},"end":{"line":13,"column":36}}},"2":{"name":"(anonymous_2)","line":26,"loc":{"start":{"line":26,"column":25},"end":{"line":26,"column":45}}},"3":{"name":"authorizeCall","line":40,"loc":{"start":{"line":40,"column":0},"end":{"line":40,"column":28}}},"4":{"name":"returnJwtError","line":53,"loc":{"start":{"line":53,"column":0},"end":{"line":53,"column":26}}}},"statementMap":{"1":{"start":{"line":1,"column":0},"end":{"line":1,"column":33}},"2":{"start":{"line":2,"column":0},"end":{"line":2,"column":26}},"3":{"start":{"line":3,"column":0},"end":{"line":3,"column":40}},"4":{"start":{"line":4,"column":0},"end":{"line":4,"column":55}},"5":{"start":{"line":5,"column":0},"end":{"line":5,"column":70}},"6":{"start":{"line":6,"column":0},"end":{"line":6,"column":64}},"7":{"start":{"line":7,"column":0},"end":{"line":7,"column":32}},"8":{"start":{"line":8,"column":0},"end":{"line":8,"column":72}},"9":{"start":{"line":10,"column":0},"end":{"line":10,"column":30}},"10":{"start":{"line":11,"column":0},"end":{"line":11,"column":30}},"11":{"start":{"line":13,"column":0},"end":{"line":24,"column":3}},"12":{"start":{"line":14,"column":4},"end":{"line":23,"column":5}},"13":{"start":{"line":15,"column":8},"end":{"line":15,"column":27}},"14":{"start":{"line":17,"column":8},"end":{"line":17,"column":44}},"15":{"start":{"line":18,"column":8},"end":{"line":18,"column":42}},"16":{"start":{"line":21,"column":8},"end":{"line":21,"column":61}},"17":{"start":{"line":22,"column":8},"end":{"line":22,"column":53}},"18":{"start":{"line":26,"column":0},"end":{"line":38,"column":3}},"19":{"start":{"line":27,"column":4},"end":{"line":37,"column":5}},"20":{"start":{"line":28,"column":8},"end":{"line":28,"column":27}},"21":{"start":{"line":30,"column":8},"end":{"line":30,"column":65}},"22":{"start":{"line":31,"column":8},"end":{"line":31,"column":74}},"23":{"start":{"line":32,"column":8},"end":{"line":32,"column":53}},"24":{"start":{"line":35,"column":8},"end":{"line":35,"column":56}},"25":{"start":{"line":36,"column":8},"end":{"line":36,"column":41}},"26":{"start":{"line":40,"column":0},"end":{"line":51,"column":1}},"27":{"start":{"line":41,"column":4},"end":{"line":41,"column":45}},"28":{"start":{"line":42,"column":4},"end":{"line":49,"column":5}},"29":{"start":{"line":43,"column":8},"end":{"line":43,"column":66}},"30":{"start":{"line":44,"column":8},"end":{"line":46,"column":9}},"31":{"start":{"line":45,"column":12},"end":{"line":45,"column":35}},"32":{"start":{"line":48,"column":8},"end":{"line":48,"column":31}},"33":{"start":{"line":53,"column":0},"end":{"line":59,"column":1}},"34":{"start":{"line":54,"column":4},"end":{"line":58,"column":5}},"35":{"start":{"line":61,"column":0},"end":{"line":61,"column":24}}},"branchMap":{"1":{"line":44,"type":"if","locations":[{"start":{"line":44,"column":8},"end":{"line":44,"column":8}},{"start":{"line":44,"column":8},"end":{"line":44,"column":8}}]}}}}